<?xml version="1.0" encoding="UTF-8"?>
<!-- Generated by org.testng.reporters.JUnitXMLReporter -->
<testsuite ignored="0" hostname="RANJITH" failures="0" tests="4" name="Default test" time="34.297" errors="0" timestamp="2025-06-06T16:00:56 IST">
  <testcase classname="testScript.Login" name="invalidPassword" time="0.589"/>
  <testcase classname="testScript.Login" name="invalidUsername" time="0.889"/>
  <testcase classname="testScript.Login" name="invalidUsernameInvalidPassword" time="1.391"/>
  <testcase classname="testScript.Login" name="login" time="0.89"/>
</testsuite> <!-- Default test -->
