<?xml version="1.0" encoding="UTF-8"?>
<testng-results ignored="0" total="1" passed="1" failed="0" skipped="0">
  <reporter-output>
  </reporter-output>
  <suite started-at="2025-06-11T06:39:06 IST" name="Default suite" finished-at="2025-06-11T06:39:13 IST" duration-ms="6848">
    <groups>
    </groups>
    <test started-at="2025-06-11T06:39:06 IST" name="Default test" finished-at="2025-06-11T06:39:13 IST" duration-ms="6848">
      <class name="testScript.ManageNewsTest">
        <test-method is-config="true" signature="browserInitialisation()[pri:0, instance:testScript.ManageNewsTest@35e2d654]" started-at="2025-06-11T06:39:06 IST" name="browserInitialisation" finished-at="2025-06-11T06:39:10 IST" duration-ms="4293" status="PASS">
          <reporter-output>
          </reporter-output>
        </test-method> <!-- browserInitialisation -->
        <test-method signature="verifyTheUserIsAbleToEnterTheNews()[pri:0, instance:testScript.ManageNewsTest@35e2d654]" started-at="2025-06-11T06:39:10 IST" name="verifyTheUserIsAbleToEnterTheNews" finished-at="2025-06-11T06:39:13 IST" duration-ms="2514" status="PASS">
          <reporter-output>
          </reporter-output>
        </test-method> <!-- verifyTheUserIsAbleToEnterTheNews -->
      </class> <!-- testScript.ManageNewsTest -->
    </test> <!-- Default test -->
  </suite> <!-- Default suite -->
</testng-results>
