<?xml version="1.0" encoding="UTF-8"?>
<!-- Generated by org.testng.reporters.JUnitXMLReporter -->
<testsuite ignored="0" hostname="RANJITH" failures="0" tests="5" name="Test" time="52.14" errors="0" timestamp="2025-06-13T20:35:13 IST">
  <testcase classname="testScript.ManageNewsTest" name="verifyTheUserIsAbleToEnterTheNews" time="5.419"/>
  <testcase classname="testScript.LoginTest" name="verifyTheUserIsAbleToLoginUsingInalidUsername_validPassword" time="0.542"/>
  <testcase classname="testScript.LoginTest" name="verifyTheUserIsAbleToLoginUsingInvalidUsername_InvalidPassword" time="1.111"/>
  <testcase classname="testScript.LoginTest" name="verifyTheUserIsAbleToLoginUsingValidCredentials" time="1.69"/>
  <testcase classname="testScript.LoginTest" name="verifyTheUserIsAbleToLoginUsingValidUsername_InvalidPassword" time="1.263"/>
</testsuite> <!-- Test -->
