<?xml version="1.0" encoding="UTF-8"?>
<!-- Generated by org.testng.reporters.JUnitXMLReporter -->
<testsuite ignored="4" hostname="RANJITH" failures="0" tests="1" name="Test" time="13.31" errors="0" timestamp="2025-06-18T20:29:45 IST">
  <testcase classname="testScript.LoginTest" name="verifyTheUserIsAbleToLoginUsingValidCredentials" time="3.205"/>
  <testcase classname="testScript.LoginTest" name="verifyTheUserIsAbleToLoginUsingValidUsername_InvalidPassword" time="0.0">
    <ignored/>
  </testcase> <!-- verifyTheUserIsAbleToLoginUsingValidUsername_InvalidPassword -->
  <testcase classname="testScript.AdminUsersTest" name="verifyTheUserIsAbleToCreateTheAdminUsers" time="0.0">
    <ignored/>
  </testcase> <!-- verifyTheUserIsAbleToCreateTheAdminUsers -->
  <testcase classname="testScript.LoginTest" name="verifyTheUserIsAbleToLoginUsingInalidUsername_validPassword" time="0.0">
    <ignored/>
  </testcase> <!-- verifyTheUserIsAbleToLoginUsingInalidUsername_validPassword -->
  <testcase classname="testScript.LoginTest" name="verifyTheUserIsAbleToLoginUsingInvalidUsername_InvalidPassword" time="0.0">
    <ignored/>
  </testcase> <!-- verifyTheUserIsAbleToLoginUsingInvalidUsername_InvalidPassword -->
</testsuite> <!-- Test -->
