<?xml version="1.0" encoding="UTF-8"?>
<!-- Generated by org.testng.reporters.JUnitXMLReporter -->
<testsuite ignored="0" hostname="RANJITH" failures="0" tests="3" name="Test" time="47.729" errors="0" timestamp="2025-06-21T20:02:52 IST">
  <testcase classname="testScript.ManageNewsTest" name="verifyTheUserIsAbleToEnterTheNews" time="4.535"/>
  <testcase classname="testScript.AdminUsersTest" name="verifyTheUserIsAbleToCreateTheAdminUsers" time="28.018">
    <skipped/>
  </testcase> <!-- verifyTheUserIsAbleToCreateTheAdminUsers -->
  <testcase classname="testScript.AdminUsersTest" name="verifyTheUserIsAbleToCreateTheAdminUsers" time="3.924"/>
</testsuite> <!-- Test -->
